<?xml version="1.0" encoding="UTF-8" ?>
<testsuite errors="0" failures="0" hostname="DESKTOP-39F1OA4" name="myspringboot.crudcloudant.user.UserControllerTest" skipped="0" tests="1" time="8.185" timestamp="2018-11-23T09:48:17">
  <properties>
    <property name="java.vendor" value="Oracle Corporation" />
    <property name="env.SENDGRID_API_KEY" value="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" />
    <property name="env.RUN_DISPLAY_URL" value="http://localhost:8080/job/Test%20Stage/24/display/redirect" />
    <property name="env.USERDOMAIN_ROAMINGPROFILE" value="AzureAD" />
    <property name="env.JENKINS_SERVER_COOKIE" value="8888100513c10302" />
    <property name="sun.java.launcher" value="SUN_STANDARD" />
    <property name="sun.management.compiler" value="HotSpot 64-Bit Tiered Compilers" />
    <property name="env.PROMPT" value="$P$G" />
    <property name="env.DriverData" value="C:\Windows\System32\Drivers\DriverData" />
    <property name="os.name" value="Windows 10" />
    <property name="ant.file.type.crudcloudant" value="file" />
    <property name="sun.boot.class.path" value="C:\Program Files\Java\jdk1.8.0_172\jre\lib\resources.jar;C:\Program Files\Java\jdk1.8.0_172\jre\lib\rt.jar;C:\Program Files\Java\jdk1.8.0_172\jre\lib\sunrsasign.jar;C:\Program Files\Java\jdk1.8.0_172\jre\lib\jsse.jar;C:\Program Files\Java\jdk1.8.0_172\jre\lib\jce.jar;C:\Program Files\Java\jdk1.8.0_172\jre\lib\charsets.jar;C:\Program Files\Java\jdk1.8.0_172\jre\lib\jfr.jar;C:\Program Files\Java\jdk1.8.0_172\jre\classes" />
    <property name="env.COMPUTERNAME" value="DESKTOP-39F1OA4" />
    <property name="env.JOB_DISPLAY_URL" value="http://localhost:8080/job/Test%20Stage/display/redirect" />
    <property name="env.CommonProgramW6432" value="C:\Program Files\Common Files" />
    <property name="env.ALLUSERSPROFILE" value="C:\ProgramData" />
    <property name="sun.desktop" value="windows" />
    <property name="java.vm.specification.vendor" value="Oracle Corporation" />
    <property name="ant.home" value="C:\ant" />
    <property name="java.runtime.version" value="1.8.0_172-b11" />
    <property name="env.BUILD_DISPLAY_NAME" value="#24" />
    <property name="env.HOMEPATH" value="\Users\DexterCABUNGCAL" />
    <property name="user.name" value="DexterCABUNGCAL" />
    <property name="ant.file.crudcloudant" value="C:\Workspaces\microservices\crudcloudant\build.xml" />
    <property name="env.KUBECONFIG" value="C:\Users\DexterCABUNGCAL\.bluemix\plugins\container-service\clusters\lastpaycluster\kube-config-mel01-lastpaycluster.yml" />
    <property name="user.language" value="en" />
    <property name="sun.boot.library.path" value="C:\Program Files\Java\jdk1.8.0_172\jre\bin" />
    <property name="ant.project.default-target" value="build" />
    <property name="ant.project.name" value="crudcloudant" />
    <property name="java.version" value="1.8.0_172" />
    <property name="env.PROCESSOR_IDENTIFIER" value="Intel64 Family 6 Model 61 Stepping 4, GenuineIntel" />
    <property name="user.timezone" value="" />
    <property name="env.NODE_NAME" value="master" />
    <property name="env.TEMP" value="C:\Users\DEXTER~1\AppData\Local\Temp" />
    <property name="sun.arch.data.model" value="64" />
    <property name="java.endorsed.dirs" value="C:\Program Files\Java\jdk1.8.0_172\jre\lib\endorsed" />
    <property name="env._JAVACMD" value="C:\Program Files\Java\jdk1.8.0_172\bin\java.exe" />
    <property name="sun.cpu.isalist" value="amd64" />
    <property name="env.JOB_BASE_NAME" value="Test Stage" />
    <property name="env.HOMEDRIVE" value="C:" />
    <property name="sun.jnu.encoding" value="Cp1252" />
    <property name="file.encoding.pkg" value="sun.io" />
    <property name="ECLIPSE_HOME" value="../../../eclipse/" />
    <property name="file.separator" value="\" />
    <property name="java.specification.name" value="Java Platform API Specification" />
    <property name="java.class.version" value="52.0" />
    <property name="user.country" value="US" />
    <property name="env.BUILD_NUMBER" value="24" />
    <property name="java.home" value="C:\Program Files\Java\jdk1.8.0_172\jre" />
    <property name="env.PSModulePath" value="C:\Program Files\WindowsPowerShell\Modules;C:\WINDOWS\system32\WindowsPowerShell\v1.0\Modules;C:\Program Files (x86)\Microsoft SQL Server\120\Tools\PowerShell\Modules\;C:\Program Files (x86)\Microsoft SQL Server\130\Tools\PowerShell\Modules\" />
    <property name="env.APPDATA" value="C:\Users\DexterCABUNGCAL\AppData\Roaming" />
    <property name="env.PUBLIC" value="C:\Users\Public" />
    <property name="java.vm.info" value="mixed mode" />
    <property name="env.ComSpec" value="C:\WINDOWS\system32\cmd.exe" />
    <property name="env.OS" value="Windows_NT" />
    <property name="env.CommonProgramFiles" value="C:\Program Files\Common Files" />
    <property name="ant.file" value="C:\Workspaces\microservices\crudcloudant\build.xml" />
    <property name="os.version" value="10.0" />
    <property name="env.ProgramW6432" value="C:\Program Files" />
    <property name="env._USE_CLASSPATH" value="no" />
    <property name="env.HUDSON_COOKIE" value="d81f1b08-cbd5-4524-aef6-f3b29f98f3bd" />
    <property name="path.separator" value=";" />
    <property name="java.vm.version" value="25.172-b11" />
    <property name="env.USERPROFILE" value="C:\Users\DexterCABUNGCAL" />
    <property name="user.variant" value="" />
    <property name="ant.library.dir" value="C:\Ant\lib" />
    <property name="junit.output.dir" value="junit" />
    <property name="env.RUN_CHANGES_DISPLAY_URL" value="http://localhost:8080/job/Test%20Stage/24/display/redirect?page=changes" />
    <property name="env.JOB_NAME" value="Test Stage" />
    <property name="env.JAVA_HOME" value="C:\Program Files\Java\jdk1.8.0_172" />
    <property name="java.awt.printerjob" value="sun.awt.windows.WPrinterJob" />
    <property name="env.TMP" value="C:\Users\DEXTER~1\AppData\Local\Temp" />
    <property name="sun.io.unicode.encoding" value="UnicodeLittle" />
    <property name="awt.toolkit" value="sun.awt.windows.WToolkit" />
    <property name="user.script" value="" />
    <property name="env.HUDSON_URL" value="http://localhost:8080/" />
    <property name="env.BUILD_TAG" value="jenkins-Test Stage-24" />
    <property name="user.home" value="C:\Users\DexterCABUNGCAL" />
    <property name="target" value="1.8" />
    <property name="env.JENKINS_HOME" value="C:\Users\DexterCABUNGCAL\.jenkins" />
    <property name="env.ProgramData" value="C:\ProgramData" />
    <property name="env.JOB_URL" value="http://localhost:8080/job/Test%20Stage/" />
    <property name="env.ProgramFiles(x86)" value="C:\Program Files (x86)" />
    <property name="env.SESSIONNAME" value="Console" />
    <property name="java.specification.vendor" value="Oracle Corporation" />
    <property name="java.library.path" value="C:\Program Files\Java\jdk1.8.0_172\jre\bin;C:\WINDOWS\Sun\Java\bin;C:\WINDOWS\system32;C:\WINDOWS;C:\ProgramData\DockerDesktop\version-bin;%ANT_HOME%\bin;C:\Program Files\Docker\Docker\Resources\bin;C:\Program Files (x86)\Common Files\Oracle\Java\javapath;C:\ProgramData\Oracle\Java\javapath;C:\WINDOWS\system32;C:\WINDOWS;C:\WINDOWS\System32\Wbem;C:\WINDOWS\System32\WindowsPowerShell\v1.0\;C:\Program Files\Java\jdk-10.0.1\bin;C:\Program Files\nodejs\;C:\WINDOWS\System32\OpenSSH\;C:\Program Files\Git\cmd;C:\Program Files\kubectl;C:\Program Files\helm\windows-amd64;C:\Program Files (x86)\Brackets\command;C:\Program Files\IBM\Cloud\bin;C:\Program Files\Microsoft SQL Server\Client SDK\ODBC\110\Tools\Binn\;C:\Program Files (x86)\Microsoft SQL Server\120\Tools\Binn\;C:\Program Files\Microsoft SQL Server\120\Tools\Binn\;C:\Program Files\Microsoft SQL Server\120\DTS\Binn\;C:\Program Files (x86)\Microsoft SQL Server\Client SDK\ODBC\130\Tools\Binn\;C:\Program Files (x86)\Microsoft SQL Server\130\Tools\Binn\;C:\Program Files (x86)\Microsoft SQL Server\130\DTS\Binn\;C:\Program Files (x86)\Microsoft SQL Server\130\Tools\Binn\ManagementStudio\;C:\apache-maven-3.5.4\bin;C:\Ant\bin;C:\Users\DexterCABUNGCAL\AppData\Local\Programs\Python\Python37-32\Scripts\;C:\Users\DexterCABUNGCAL\AppData\Local\Programs\Python\Python37-32\;C:\Users\DexterCABUNGCAL\AppData\Local\Microsoft\WindowsApps;C:\Users\DexterCABUNGCAL\AppData\Roaming\npm;C:\Users\DexterCABUNGCAL\AppData\Local\Box\Box Edit\;." />
    <property name="env.NUMBER_OF_PROCESSORS" value="4" />
    <property name="java.vendor.url" value="http://java.oracle.com/" />
    <property name="env.HUDSON_HOME" value="C:\Users\DexterCABUNGCAL\.jenkins" />
    <property name="java.vm.vendor" value="Oracle Corporation" />
    <property name="env.HUDSON_SERVER_COOKIE" value="8888100513c10302" />
    <property name="java.runtime.name" value="Java(TM) SE Runtime Environment" />
    <property name="ant.version" value="Apache Ant(TM) version 1.9.13 compiled on July 10 2018" />
    <property name="java.class.path" value="C:\Workspaces\microservices\crudcloudant\target\classes;C:\Workspaces\microservices\crudcloudant\target\test-classes;C:\Users\DexterCABUNGCAL\.m2\repository\org\springframework\boot\spring-boot-starter-web\2.1.0.RELEASE\spring-boot-starter-web-2.1.0.RELEASE.jar;C:\Users\DexterCABUNGCAL\.m2\repository\org\springframework\boot\spring-boot-starter\2.1.0.RELEASE\spring-boot-starter-2.1.0.RELEASE.jar;C:\Users\DexterCABUNGCAL\.m2\repository\org\springframework\boot\spring-boot-starter-logging\2.1.0.RELEASE\spring-boot-starter-logging-2.1.0.RELEASE.jar;C:\Users\DexterCABUNGCAL\.m2\repository\ch\qos\logback\logback-classic\1.2.3\logback-classic-1.2.3.jar;C:\Users\DexterCABUNGCAL\.m2\repository\ch\qos\logback\logback-core\1.2.3\logback-core-1.2.3.jar;C:\Users\DexterCABUNGCAL\.m2\repository\org\apache\logging\log4j\log4j-to-slf4j\2.11.1\log4j-to-slf4j-2.11.1.jar;C:\Users\DexterCABUNGCAL\.m2\repository\org\apache\logging\log4j\log4j-api\2.11.1\log4j-api-2.11.1.jar;C:\Users\DexterCABUNGCAL\.m2\repository\org\slf4j\jul-to-slf4j\1.7.25\jul-to-slf4j-1.7.25.jar;C:\Users\DexterCABUNGCAL\.m2\repository\javax\annotation\javax.annotation-api\1.3.2\javax.annotation-api-1.3.2.jar;C:\Users\DexterCABUNGCAL\.m2\repository\org\yaml\snakeyaml\1.23\snakeyaml-1.23.jar;C:\Users\DexterCABUNGCAL\.m2\repository\org\springframework\boot\spring-boot-starter-json\2.1.0.RELEASE\spring-boot-starter-json-2.1.0.RELEASE.jar;C:\Users\DexterCABUNGCAL\.m2\repository\com\fasterxml\jackson\core\jackson-databind\2.9.7\jackson-databind-2.9.7.jar;C:\Users\DexterCABUNGCAL\.m2\repository\com\fasterxml\jackson\core\jackson-annotations\2.9.0\jackson-annotations-2.9.0.jar;C:\Users\DexterCABUNGCAL\.m2\repository\com\fasterxml\jackson\core\jackson-core\2.9.7\jackson-core-2.9.7.jar;C:\Users\DexterCABUNGCAL\.m2\repository\com\fasterxml\jackson\datatype\jackson-datatype-jdk8\2.9.7\jackson-datatype-jdk8-2.9.7.jar;C:\Users\DexterCABUNGCAL\.m2\repository\com\fasterxml\jackson\datatype\jackson-datatype-jsr310\2.9.7\jackson-datatype-jsr310-2.9.7.jar;C:\Users\DexterCABUNGCAL\.m2\repository\com\fasterxml\jackson\module\jackson-module-parameter-names\2.9.7\jackson-module-parameter-names-2.9.7.jar;C:\Users\DexterCABUNGCAL\.m2\repository\org\springframework\boot\spring-boot-starter-tomcat\2.1.0.RELEASE\spring-boot-starter-tomcat-2.1.0.RELEASE.jar;C:\Users\DexterCABUNGCAL\.m2\repository\org\apache\tomcat\embed\tomcat-embed-core\9.0.12\tomcat-embed-core-9.0.12.jar;C:\Users\DexterCABUNGCAL\.m2\repository\org\apache\tomcat\embed\tomcat-embed-el\9.0.12\tomcat-embed-el-9.0.12.jar;C:\Users\DexterCABUNGCAL\.m2\repository\org\apache\tomcat\embed\tomcat-embed-websocket\9.0.12\tomcat-embed-websocket-9.0.12.jar;C:\Users\DexterCABUNGCAL\.m2\repository\org\hibernate\validator\hibernate-validator\6.0.13.Final\hibernate-validator-6.0.13.Final.jar;C:\Users\DexterCABUNGCAL\.m2\repository\javax\validation\validation-api\2.0.1.Final\validation-api-2.0.1.Final.jar;C:\Users\DexterCABUNGCAL\.m2\repository\org\jboss\logging\jboss-logging\3.3.2.Final\jboss-logging-3.3.2.Final.jar;C:\Users\DexterCABUNGCAL\.m2\repository\com\fasterxml\classmate\1.4.0\classmate-1.4.0.jar;C:\Users\DexterCABUNGCAL\.m2\repository\org\springframework\spring-web\5.1.2.RELEASE\spring-web-5.1.2.RELEASE.jar;C:\Users\DexterCABUNGCAL\.m2\repository\org\springframework\spring-webmvc\5.1.2.RELEASE\spring-webmvc-5.1.2.RELEASE.jar;C:\Users\DexterCABUNGCAL\.m2\repository\org\springframework\spring-aop\5.1.2.RELEASE\spring-aop-5.1.2.RELEASE.jar;C:\Users\DexterCABUNGCAL\.m2\repository\org\springframework\spring-expression\5.1.2.RELEASE\spring-expression-5.1.2.RELEASE.jar;C:\Users\DexterCABUNGCAL\.m2\repository\org\springframework\boot\spring-boot-starter-test\2.1.0.RELEASE\spring-boot-starter-test-2.1.0.RELEASE.jar;C:\Users\DexterCABUNGCAL\.m2\repository\org\springframework\boot\spring-boot-test\2.1.0.RELEASE\spring-boot-test-2.1.0.RELEASE.jar;C:\Users\DexterCABUNGCAL\.m2\repository\org\springframework\boot\spring-boot-test-autoconfigure\2.1.0.RELEASE\spring-boot-test-autoconfigure-2.1.0.RELEASE.jar;C:\Users\DexterCABUNGCAL\.m2\repository\com\jayway\jsonpath\json-path\2.4.0\json-path-2.4.0.jar;C:\Users\DexterCABUNGCAL\.m2\repository\net\minidev\json-smart\2.3\json-smart-2.3.jar;C:\Users\DexterCABUNGCAL\.m2\repository\net\minidev\accessors-smart\1.2\accessors-smart-1.2.jar;C:\Users\DexterCABUNGCAL\.m2\repository\org\ow2\asm\asm\5.0.4\asm-5.0.4.jar;C:\Users\DexterCABUNGCAL\.m2\repository\org\slf4j\slf4j-api\1.7.25\slf4j-api-1.7.25.jar;C:\Users\DexterCABUNGCAL\.m2\repository\junit\junit\4.12\junit-4.12.jar;C:\Users\DexterCABUNGCAL\.m2\repository\org\assertj\assertj-core\3.11.1\assertj-core-3.11.1.jar;C:\Users\DexterCABUNGCAL\.m2\repository\org\mockito\mockito-core\2.23.0\mockito-core-2.23.0.jar;C:\Users\DexterCABUNGCAL\.m2\repository\net\bytebuddy\byte-buddy\1.9.3\byte-buddy-1.9.3.jar;C:\Users\DexterCABUNGCAL\.m2\repository\net\bytebuddy\byte-buddy-agent\1.9.3\byte-buddy-agent-1.9.3.jar;C:\Users\DexterCABUNGCAL\.m2\repository\org\objenesis\objenesis\2.6\objenesis-2.6.jar;C:\Users\DexterCABUNGCAL\.m2\repository\org\hamcrest\hamcrest-core\1.3\hamcrest-core-1.3.jar;C:\Users\DexterCABUNGCAL\.m2\repository\org\hamcrest\hamcrest-library\1.3\hamcrest-library-1.3.jar;C:\Users\DexterCABUNGCAL\.m2\repository\org\skyscreamer\jsonassert\1.5.0\jsonassert-1.5.0.jar;C:\Users\DexterCABUNGCAL\.m2\repository\com\vaadin\external\google\android-json\0.0.20131108.vaadin1\android-json-0.0.20131108.vaadin1.jar;C:\Users\DexterCABUNGCAL\.m2\repository\org\springframework\spring-core\5.1.2.RELEASE\spring-core-5.1.2.RELEASE.jar;C:\Users\DexterCABUNGCAL\.m2\repository\org\springframework\spring-jcl\5.1.2.RELEASE\spring-jcl-5.1.2.RELEASE.jar;C:\Users\DexterCABUNGCAL\.m2\repository\org\springframework\spring-test\5.1.2.RELEASE\spring-test-5.1.2.RELEASE.jar;C:\Users\DexterCABUNGCAL\.m2\repository\org\xmlunit\xmlunit-core\2.6.2\xmlunit-core-2.6.2.jar;C:\Users\DexterCABUNGCAL\.m2\repository\com\cloudant\cloudant-spring-boot-starter\0.0.3\cloudant-spring-boot-starter-0.0.3.jar;C:\Users\DexterCABUNGCAL\.m2\repository\com\cloudant\cloudant-client\2.13.0\cloudant-client-2.13.0.jar;C:\Users\DexterCABUNGCAL\.m2\repository\com\google\code\gson\gson\2.8.5\gson-2.8.5.jar;C:\Users\DexterCABUNGCAL\.m2\repository\commons-codec\commons-codec\1.11\commons-codec-1.11.jar;C:\Users\DexterCABUNGCAL\.m2\repository\com\cloudant\cloudant-http\2.13.0\cloudant-http-2.13.0.jar;C:\Users\DexterCABUNGCAL\.m2\repository\commons-io\commons-io\2.4\commons-io-2.4.jar;C:\Users\DexterCABUNGCAL\.m2\repository\org\springframework\spring-context\5.1.2.RELEASE\spring-context-5.1.2.RELEASE.jar;C:\Users\DexterCABUNGCAL\.m2\repository\org\springframework\spring-beans\5.1.2.RELEASE\spring-beans-5.1.2.RELEASE.jar;C:\Users\DexterCABUNGCAL\.m2\repository\org\springframework\boot\spring-boot\2.1.0.RELEASE\spring-boot-2.1.0.RELEASE.jar;C:\Users\DexterCABUNGCAL\.m2\repository\org\springframework\boot\spring-boot-autoconfigure\2.1.0.RELEASE\spring-boot-autoconfigure-2.1.0.RELEASE.jar;C:\Ant\lib\ant-launcher.jar;C:\Ant\lib\ant.jar;C:\Ant\lib\ant-junit.jar;C:\Ant\lib\ant-junit4.jar" />
    <property name="sun.java.command" value="org.apache.tools.ant.taskdefs.optional.junit.JUnitTestRunner myspringboot.crudcloudant.user.UserControllerTest skipNonTests=false filtertrace=true haltOnError=false haltOnFailure=false formatter=org.apache.tools.ant.taskdefs.optional.junit.OutErrSummaryJUnitResultFormatter showoutput=false outputtoformatters=true logfailedtests=true threadid=0 logtestlistenerevents=false formatter=org.apache.tools.ant.taskdefs.optional.junit.XMLJUnitResultFormatter,C:\Workspaces\microservices\crudcloudant\junit\TEST-myspringboot.crudcloudant.user.UserControllerTest.xml crashfile=C:\Workspaces\microservices\crudcloudant\junitvmwatcher3552460321224448828.properties propsfile=C:\Workspaces\microservices\crudcloudant\junit3268597506198697540.properties" />
    <property name="env.EXECUTOR_NUMBER" value="1" />
    <property name="java.vm.specification.name" value="Java Virtual Machine Specification" />
    <property name="ant.file.type" value="file" />
    <property name="env.LOGONSERVER" value="\\DESKTOP-39F1OA4" />
    <property name="env.windir" value="C:\WINDOWS" />
    <property name="java.vm.specification.version" value="1.8" />
    <property name="env.PROCESSOR_ARCHITECTURE" value="AMD64" />
    <property name="sun.cpu.endian" value="little" />
    <property name="sun.os.patch.level" value="" />
    <property name="debuglevel" value="source,lines,vars" />
    <property name="env.OneDrive" value="C:\Users\DexterCABUNGCAL\OneDrive" />
    <property name="env.ProgramFiles" value="C:\Program Files" />
    <property name="env.ANT_HOME" value="C:\ant" />
    <property name="java.io.tmpdir" value="C:\Users\DEXTER~1\AppData\Local\Temp\" />
    <property name="env.BUILD_URL" value="http://localhost:8080/job/Test%20Stage/24/" />
    <property name="env.PROCESSOR_REVISION" value="3d04" />
    <property name="env.CommonProgramFiles(x86)" value="C:\Program Files (x86)\Common Files" />
    <property name="java.vendor.url.bug" value="http://bugreport.sun.com/bugreport/" />
    <property name="env.SystemRoot" value="C:\WINDOWS" />
    <property name="java.awt.graphicsenv" value="sun.awt.Win32GraphicsEnvironment" />
    <property name="os.arch" value="amd64" />
    <property name="env.ANT_CMD_LINE_ARGS" value=" UserControllerTest" />
    <property name="java.ext.dirs" value="C:\Program Files\Java\jdk1.8.0_172\jre\lib\ext;C:\WINDOWS\Sun\Java\lib\ext" />
    <property name="env.LOCALAPPDATA" value="C:\Users\DexterCABUNGCAL\AppData\Local" />
    <property name="env.BUILD_ID" value="24" />
    <property name="user.dir" value="C:\Workspaces\microservices\crudcloudant" />
    <property name="line.separator" value="&#xd;&#xa;" />
    <property name="env.JENKINS_URL" value="http://localhost:8080/" />
    <property name="java.vm.name" value="Java HotSpot(TM) 64-Bit Server VM" />
    <property name="env.PATHEXT" value=".COM;.EXE;.BAT;.CMD;.VBS;.VBE;.JS;.JSE;.WSF;.WSH;.MSC" />
    <property name="env.Path" value="C:\ProgramData\DockerDesktop\version-bin;%ANT_HOME%\bin;C:\Program Files\Docker\Docker\Resources\bin;C:\Program Files (x86)\Common Files\Oracle\Java\javapath;C:\ProgramData\Oracle\Java\javapath;C:\WINDOWS\system32;C:\WINDOWS;C:\WINDOWS\System32\Wbem;C:\WINDOWS\System32\WindowsPowerShell\v1.0\;C:\Program Files\Java\jdk-10.0.1\bin;C:\Program Files\nodejs\;C:\WINDOWS\System32\OpenSSH\;C:\Program Files\Git\cmd;C:\Program Files\kubectl;C:\Program Files\helm\windows-amd64;C:\Program Files (x86)\Brackets\command;C:\Program Files\IBM\Cloud\bin;C:\Program Files\Microsoft SQL Server\Client SDK\ODBC\110\Tools\Binn\;C:\Program Files (x86)\Microsoft SQL Server\120\Tools\Binn\;C:\Program Files\Microsoft SQL Server\120\Tools\Binn\;C:\Program Files\Microsoft SQL Server\120\DTS\Binn\;C:\Program Files (x86)\Microsoft SQL Server\Client SDK\ODBC\130\Tools\Binn\;C:\Program Files (x86)\Microsoft SQL Server\130\Tools\Binn\;C:\Program Files (x86)\Microsoft SQL Server\130\DTS\Binn\;C:\Program Files (x86)\Microsoft SQL Server\130\Tools\Binn\ManagementStudio\;C:\apache-maven-3.5.4\bin;C:\Ant\bin;C:\Users\DexterCABUNGCAL\AppData\Local\Programs\Python\Python37-32\Scripts\;C:\Users\DexterCABUNGCAL\AppData\Local\Programs\Python\Python37-32\;C:\Users\DexterCABUNGCAL\AppData\Local\Microsoft\WindowsApps;C:\Users\DexterCABUNGCAL\AppData\Roaming\npm;C:\Users\DexterCABUNGCAL\AppData\Local\Box\Box Edit\" />
    <property name="basedir" value="C:\Workspaces\microservices\crudcloudant" />
    <property name="ant.java.version" value="1.8" />
    <property name="ant.core.lib" value="C:\Ant\lib\ant.jar" />
    <property name="env.USERNAME" value="DexterCABUNGCAL" />
    <property name="source" value="1.8" />
    <property name="env.SystemDrive" value="C:" />
    <property name="file.encoding" value="Cp1252" />
    <property name="env.WORKSPACE" value="C:\Users\DexterCABUNGCAL\.jenkins\workspace\Test Stage" />
    <property name="env.USERDOMAIN" value="AzureAD" />
    <property name="java.specification.version" value="1.8" />
    <property name="env.=C:" value="C:\Workspaces\microservices\crudcloudant" />
    <property name="ant.project.invoked-targets" value="UserControllerTest" />
    <property name="env.PROCESSOR_LEVEL" value="6" />
    <property name="env.NODE_LABELS" value="master" />
  </properties>
  <testcase classname="myspringboot.crudcloudant.user.UserControllerTest" name="getAllUsersTest" time="0.408" />
  <system-out><![CDATA[17:48:16.475 [main] DEBUG org.springframework.test.context.junit4.SpringJUnit4ClassRunner - SpringJUnit4ClassRunner constructor called with [class myspringboot.crudcloudant.user.UserControllerTest]
17:48:16.494 [main] DEBUG org.springframework.test.context.BootstrapUtils - Instantiating CacheAwareContextLoaderDelegate from class [org.springframework.test.context.cache.DefaultCacheAwareContextLoaderDelegate]
17:48:16.513 [main] DEBUG org.springframework.test.context.BootstrapUtils - Instantiating BootstrapContext using constructor [public org.springframework.test.context.support.DefaultBootstrapContext(java.lang.Class,org.springframework.test.context.CacheAwareContextLoaderDelegate)]
17:48:16.554 [main] DEBUG org.springframework.test.context.BootstrapUtils - Instantiating TestContextBootstrapper for test class [myspringboot.crudcloudant.user.UserControllerTest] from class [org.springframework.boot.test.autoconfigure.web.servlet.WebMvcTestContextBootstrapper]
17:48:16.615 [main] INFO org.springframework.boot.test.autoconfigure.web.servlet.WebMvcTestContextBootstrapper - Neither @ContextConfiguration nor @ContextHierarchy found for test class [myspringboot.crudcloudant.user.UserControllerTest], using SpringBootContextLoader
17:48:16.624 [main] DEBUG org.springframework.test.context.support.AbstractContextLoader - Did not detect default resource location for test class [myspringboot.crudcloudant.user.UserControllerTest]: class path resource [myspringboot/crudcloudant/user/UserControllerTest-context.xml] does not exist
17:48:16.625 [main] DEBUG org.springframework.test.context.support.AbstractContextLoader - Did not detect default resource location for test class [myspringboot.crudcloudant.user.UserControllerTest]: class path resource [myspringboot/crudcloudant/user/UserControllerTestContext.groovy] does not exist
17:48:16.625 [main] INFO org.springframework.test.context.support.AbstractContextLoader - Could not detect default resource locations for test class [myspringboot.crudcloudant.user.UserControllerTest]: no resource found for suffixes {-context.xml, Context.groovy}.
17:48:16.627 [main] INFO org.springframework.test.context.support.AnnotationConfigContextLoaderUtils - Could not detect default configuration classes for test class [myspringboot.crudcloudant.user.UserControllerTest]: UserControllerTest does not declare any static, non-private, non-final, nested classes annotated with @Configuration.
17:48:16.778 [main] DEBUG org.springframework.test.context.support.ActiveProfilesUtils - Could not find an 'annotation declaring class' for annotation type [org.springframework.test.context.ActiveProfiles] and class [myspringboot.crudcloudant.user.UserControllerTest]
17:48:16.952 [main] DEBUG org.springframework.context.annotation.ClassPathScanningCandidateComponentProvider - Identified candidate component class: file [C:\Workspaces\microservices\crudcloudant\target\classes\myspringboot\crudcloudant\CrudcloudantApplication.class]
17:48:16.959 [main] INFO org.springframework.boot.test.context.SpringBootTestContextBootstrapper - Found @SpringBootConfiguration myspringboot.crudcloudant.CrudcloudantApplication for test class myspringboot.crudcloudant.user.UserControllerTest
17:48:16.961 [main] DEBUG org.springframework.boot.test.autoconfigure.web.servlet.WebMvcTestContextBootstrapper - @TestExecutionListeners is not present for class [myspringboot.crudcloudant.user.UserControllerTest]: using defaults.
17:48:16.961 [main] INFO org.springframework.boot.test.autoconfigure.web.servlet.WebMvcTestContextBootstrapper - Loaded default TestExecutionListener class names from location [META-INF/spring.factories]: [org.springframework.boot.test.mock.mockito.MockitoTestExecutionListener, org.springframework.boot.test.mock.mockito.ResetMocksTestExecutionListener, org.springframework.boot.test.autoconfigure.restdocs.RestDocsTestExecutionListener, org.springframework.boot.test.autoconfigure.web.client.MockRestServiceServerResetTestExecutionListener, org.springframework.boot.test.autoconfigure.web.servlet.MockMvcPrintOnlyOnFailureTestExecutionListener, org.springframework.boot.test.autoconfigure.web.servlet.WebDriverTestExecutionListener, org.springframework.test.context.web.ServletTestExecutionListener, org.springframework.test.context.support.DirtiesContextBeforeModesTestExecutionListener, org.springframework.test.context.support.DependencyInjectionTestExecutionListener, org.springframework.test.context.support.DirtiesContextTestExecutionListener, org.springframework.test.context.transaction.TransactionalTestExecutionListener, org.springframework.test.context.jdbc.SqlScriptsTestExecutionListener]
17:48:16.978 [main] DEBUG org.springframework.boot.test.autoconfigure.web.servlet.WebMvcTestContextBootstrapper - Skipping candidate TestExecutionListener [org.springframework.test.context.transaction.TransactionalTestExecutionListener] due to a missing dependency. Specify custom listener classes or make the default listener classes and their required dependencies available. Offending class: [org/springframework/transaction/interceptor/TransactionAttributeSource]
17:48:16.978 [main] DEBUG org.springframework.boot.test.autoconfigure.web.servlet.WebMvcTestContextBootstrapper - Skipping candidate TestExecutionListener [org.springframework.test.context.jdbc.SqlScriptsTestExecutionListener] due to a missing dependency. Specify custom listener classes or make the default listener classes and their required dependencies available. Offending class: [org/springframework/transaction/interceptor/TransactionAttribute]
17:48:16.979 [main] INFO org.springframework.boot.test.autoconfigure.web.servlet.WebMvcTestContextBootstrapper - Using TestExecutionListeners: [org.springframework.test.context.web.ServletTestExecutionListener@4b5a5ed1, org.springframework.test.context.support.DirtiesContextBeforeModesTestExecutionListener@59d016c9, org.springframework.boot.test.mock.mockito.MockitoTestExecutionListener@3cc2931c, org.springframework.boot.test.autoconfigure.SpringBootDependencyInjectionTestExecutionListener@20d28811, org.springframework.test.context.support.DirtiesContextTestExecutionListener@3967e60c, org.springframework.boot.test.mock.mockito.ResetMocksTestExecutionListener@60d8c9b7, org.springframework.boot.test.autoconfigure.restdocs.RestDocsTestExecutionListener@48aaecc3, org.springframework.boot.test.autoconfigure.web.client.MockRestServiceServerResetTestExecutionListener@7c0c77c7, org.springframework.boot.test.autoconfigure.web.servlet.MockMvcPrintOnlyOnFailureTestExecutionListener@7adda9cc, org.springframework.boot.test.autoconfigure.web.servlet.WebDriverTestExecutionListener@5cee5251]
17:48:17.038 [main] DEBUG org.springframework.test.annotation.ProfileValueUtils - Retrieved @ProfileValueSourceConfiguration [null] for test class [myspringboot.crudcloudant.user.UserControllerTest]
17:48:17.040 [main] DEBUG org.springframework.test.annotation.ProfileValueUtils - Retrieved ProfileValueSource type [class org.springframework.test.annotation.SystemProfileValueSource] for class [myspringboot.crudcloudant.user.UserControllerTest]
17:48:17.043 [main] DEBUG org.springframework.test.annotation.ProfileValueUtils - Retrieved @ProfileValueSourceConfiguration [null] for test class [myspringboot.crudcloudant.user.UserControllerTest]
17:48:17.043 [main] DEBUG org.springframework.test.annotation.ProfileValueUtils - Retrieved ProfileValueSource type [class org.springframework.test.annotation.SystemProfileValueSource] for class [myspringboot.crudcloudant.user.UserControllerTest]
17:48:17.044 [main] DEBUG org.springframework.test.annotation.ProfileValueUtils - Retrieved @ProfileValueSourceConfiguration [null] for test class [myspringboot.crudcloudant.user.UserControllerTest]
17:48:17.044 [main] DEBUG org.springframework.test.annotation.ProfileValueUtils - Retrieved ProfileValueSource type [class org.springframework.test.annotation.SystemProfileValueSource] for class [myspringboot.crudcloudant.user.UserControllerTest]
17:48:17.050 [main] DEBUG org.springframework.test.context.support.AbstractDirtiesContextTestExecutionListener - Before test class: context [DefaultTestContext@5ae50ce6 testClass = UserControllerTest, testInstance = [null], testMethod = [null], testException = [null], mergedContextConfiguration = [WebMergedContextConfiguration@6f96c77 testClass = UserControllerTest, locations = '{}', classes = '{class myspringboot.crudcloudant.CrudcloudantApplication}', contextInitializerClasses = '[]', activeProfiles = '{}', propertySourceLocations = '{}', propertySourceProperties = '{org.springframework.boot.test.autoconfigure.web.servlet.WebMvcTestContextBootstrapper=true}', contextCustomizers = set[[ImportsContextCustomizer@be64738 key = [org.springframework.boot.autoconfigure.cache.CacheAutoConfiguration, org.springframework.boot.autoconfigure.context.MessageSourceAutoConfiguration, org.springframework.boot.autoconfigure.data.web.SpringDataWebAutoConfiguration, org.springframework.boot.autoconfigure.freemarker.FreeMarkerAutoConfiguration, org.springframework.boot.autoconfigure.groovy.template.GroovyTemplateAutoConfiguration, org.springframework.boot.autoconfigure.gson.GsonAutoConfiguration, org.springframework.boot.autoconfigure.hateoas.HypermediaAutoConfiguration, org.springframework.boot.autoconfigure.http.HttpMessageConvertersAutoConfiguration, org.springframework.boot.autoconfigure.jackson.JacksonAutoConfiguration, org.springframework.boot.autoconfigure.jsonb.JsonbAutoConfiguration, org.springframework.boot.autoconfigure.mustache.MustacheAutoConfiguration, org.springframework.boot.autoconfigure.task.TaskExecutionAutoConfiguration, org.springframework.boot.autoconfigure.thymeleaf.ThymeleafAutoConfiguration, org.springframework.boot.autoconfigure.validation.ValidationAutoConfiguration, org.springframework.boot.autoconfigure.web.servlet.error.ErrorMvcAutoConfiguration, org.springframework.boot.autoconfigure.web.servlet.WebMvcAutoConfiguration, org.springframework.boot.test.autoconfigure.web.servlet.MockMvcAutoConfiguration, org.springframework.boot.test.autoconfigure.web.servlet.MockMvcSecurityAutoConfiguration, org.springframework.boot.test.autoconfigure.web.servlet.MockMvcWebClientAutoConfiguration, org.springframework.boot.test.autoconfigure.web.servlet.MockMvcWebDriverAutoConfiguration]], org.springframework.boot.test.context.filter.ExcludeFilterContextCustomizer@3439f68d, org.springframework.boot.test.json.DuplicateJsonObjectContextCustomizerFactory$DuplicateJsonObjectContextCustomizer@6c9f5c0d, org.springframework.boot.test.mock.mockito.MockitoContextCustomizer@d3ea0817, org.springframework.boot.test.autoconfigure.OverrideAutoConfigurationContextCustomizerFactory$DisableAutoConfigurationContextCustomizer@70beb599, org.springframework.boot.test.autoconfigure.filter.TypeExcludeFiltersContextCustomizer@d3c94666, org.springframework.boot.test.autoconfigure.properties.PropertyMappingContextCustomizer@f4b27e01, org.springframework.boot.test.autoconfigure.web.servlet.WebDriverContextCustomizerFactory$Customizer@69b794e2], resourceBasePath = '', contextLoader = 'org.springframework.boot.test.context.SpringBootContextLoader', parent = [null]], attributes = map[[empty]]], class annotated with @DirtiesContext [false] with mode [null].
17:48:17.051 [main] DEBUG org.springframework.test.annotation.ProfileValueUtils - Retrieved @ProfileValueSourceConfiguration [null] for test class [myspringboot.crudcloudant.user.UserControllerTest]
17:48:17.051 [main] DEBUG org.springframework.test.annotation.ProfileValueUtils - Retrieved ProfileValueSource type [class org.springframework.test.annotation.SystemProfileValueSource] for class [myspringboot.crudcloudant.user.UserControllerTest]
17:48:17.294 [main] DEBUG org.springframework.test.context.support.TestPropertySourceUtils - Adding inlined properties to environment: {spring.jmx.enabled=false, org.springframework.boot.test.autoconfigure.web.servlet.WebMvcTestContextBootstrapper=true, server.port=-1}

  .   ____          _            __ _ _
 /\\ / ___'_ __ _ _(_)_ __  __ _ \ \ \ \
( ( )\___ | '_ | '_| | '_ \/ _` | \ \ \ \
 \\/  ___)| |_)| | | | | || (_| |  ) ) ) )
  '  |____| .__|_| |_|_| |_\__, | / / / /
 =========|_|==============|___/=/_/_/_/
 :: Spring Boot ::        (v2.1.0.RELEASE)

2018-11-23 17:48:18.028  INFO 7364 --- [           main] m.crudcloudant.user.UserControllerTest   : Starting UserControllerTest on DESKTOP-39F1OA4 with PID 7364 (started by DexterCABUNGCAL in C:\Workspaces\microservices\crudcloudant)
2018-11-23 17:48:18.036  INFO 7364 --- [           main] m.crudcloudant.user.UserControllerTest   : No active profile set, falling back to default profiles: default
2018-11-23 17:48:23.167  INFO 7364 --- [           main] o.s.s.concurrent.ThreadPoolTaskExecutor  : Initializing ExecutorService 'applicationTaskExecutor'
2018-11-23 17:48:24.452  INFO 7364 --- [           main] o.s.b.t.m.w.SpringBootMockServletContext : Initializing Spring TestDispatcherServlet ''
2018-11-23 17:48:24.452  INFO 7364 --- [           main] o.s.t.web.servlet.TestDispatcherServlet  : Initializing Servlet ''
2018-11-23 17:48:24.511  INFO 7364 --- [           main] o.s.t.web.servlet.TestDispatcherServlet  : Completed initialization in 59 ms
2018-11-23 17:48:24.638  INFO 7364 --- [           main] m.crudcloudant.user.UserControllerTest   : Started UserControllerTest in 7.322 seconds (JVM running for 9.341)
]]></system-out>
  <system-err><![CDATA[]]></system-err>
</testsuite>
